#
# There is insufficient memory for the Java Runtime Environment to continue.
# Native memory allocation (mmap) failed to map 264241152 bytes. Error detail: G1 virtual space
# Possible reasons:
#   The system is out of physical RAM or swap space
#   This process is running with CompressedOops enabled, and the Java Heap may be blocking the growth of the native heap
# Possible solutions:
#   Reduce memory load on the system
#   Increase physical memory or swap space
#   Check if swap backing store is full
#   Decrease Java heap size (-Xmx/-Xms)
#   Decrease number of Java threads
#   Decrease Java thread stack sizes (-Xss)
#   Set larger code cache with -XX:ReservedCodeCacheSize=
#   JVM is running with Zero Based Compressed Oops mode in which the Java heap is
#     placed in the first 32GB address space. The Java Heap base address is the
#     maximum limit for the native heap growth. Please use -XX:HeapBaseMinAddress
#     to set the Java Heap base and to place the Java Heap above 32GB virtual address.
# This output file may be truncated or incomplete.
#
#  Out of Memory Error (os_windows.cpp:3631), pid=16020, tid=22600
#
# JRE version:  (22.0.2+9) (build )
# Java VM: Java HotSpot(TM) 64-Bit Server VM (22.0.2+9-70, mixed mode, sharing, tiered, compressed oops, compressed class ptrs, g1 gc, windows-amd64)
# No core dump will be written. Minidumps are not enabled by default on client versions of Windows
#

---------------  S U M M A R Y ------------

Command Line: -javaagent:C:\Program Files\JetBrains\IntelliJ IDEA 2024.2.2\lib\idea_rt.jar=56440:C:\Program Files\JetBrains\IntelliJ IDEA 2024.2.2\bin -Dfile.encoding=UTF-8 -Dsun.stdout.encoding=UTF-8 -Dsun.stderr.encoding=UTF-8 LEETCODE.Question1716

Host: 12th Gen Intel(R) Core(TM) i5-12450H, 12 cores, 15G,  Windows 11 , 64 bit Build 26100 (10.0.26100.6725)
Time: Sat Oct 25 17:16:24 2025 India Standard Time elapsed time: 1.291028 seconds (0d 0h 0m 1s)

---------------  T H R E A D  ---------------

Current thread (0x000001d7c6f893e0):  JavaThread "Unknown thread" [_thread_in_vm, id=22600, stack(0x0000008f22000000,0x0000008f22100000) (1024K)]

Stack: [0x0000008f22000000,0x0000008f22100000]
Native frames: (J=compiled Java code, j=interpreted, Vv=VM code, C=native code)
V  [jvm.dll+0x6e26e9]  (no source info available)
V  [jvm.dll+0x875753]  (no source info available)
V  [jvm.dll+0x877b7e]  (no source info available)
V  [jvm.dll+0x878253]  (no source info available)
V  [jvm.dll+0x27fc86]  (no source info available)
V  [jvm.dll+0x6ded85]  (no source info available)
V  [jvm.dll+0x6d388a]  (no source info available)
V  [jvm.dll+0x358b8a]  (no source info available)
V  [jvm.dll+0x3610b6]  (no source info available)
V  [jvm.dll+0x3b419e]  (no source info available)
V  [jvm.dll+0x3b4448]  (no source info available)
V  [jvm.dll+0x32c5ec]  (no source info available)
V  [jvm.dll+0x32d258]  (no source info available)
V  [jvm.dll+0x83d5ac]  (no source info available)
V  [jvm.dll+0x3c10d1]  (no source info available)
V  [jvm.dll+0x8264cc]  (no source info available)
V  [jvm.dll+0x45bd5e]  (no source info available)
V  [jvm.dll+0x45dbe1]  (no source info available)
C  [jli.dll+0x52a3]  (no source info available)
C  [ucrtbase.dll+0x37b0]  (no source info available)
C  [KERNEL32.DLL+0x2e8d7]  (no source info available)
C  [ntdll.dll+0x8c53c]  (no source info available)


---------------  P R O C E S S  ---------------

Threads class SMR info:
_java_thread_list=0x00007ffd068ec1c8, length=0, elements={
}

Java Threads: ( => current thread )
Total: 0

Other Threads:
  0x000001d7c9355750 WorkerThread "GC Thread#0"                     [id=28400, stack(0x0000008f22100000,0x0000008f22200000) (1024K)]
  0x000001d7c93669d0 ConcurrentGCThread "G1 Main Marker"            [id=27800, stack(0x0000008f22200000,0x0000008f22300000) (1024K)]
  0x000001d7c9368f00 WorkerThread "G1 Conc#0"                       [id=31592, stack(0x0000008f22300000,0x0000008f22400000) (1024K)]

[error occurred during error reporting (printing all threads), id 0xc0000005, EXCEPTION_ACCESS_VIOLATION (0xc0000005) at pc=0x00007ffd0603f517]
VM state: not at safepoint (not fully initialized)

VM Mutex/Monitor currently owned by a thread:  ([mutex/lock_event])
[0x00007ffd0696cc80] Heap_lock - owner thread: 0x000001d7c6f893e0

Heap address: 0x0000000705200000, size: 4014 MB, Compressed Oops mode: Zero based, Oop shift amount: 3

CDS archive(s) mapped at: [0x0000000000000000-0x0000000000000000-0x0000000000000000), size 0, SharedBaseAddress: 0x0000000800000000, ArchiveRelocationMode: 1.
Narrow klass base: 0x0000000000000000, Narrow klass shift: 0, Narrow klass range: 0x0

GC Precious Log:
 CardTable entry size: 512
 Card Set container configuration: InlinePtr #cards 4 size 8 Array Of Cards #cards 16 size 48 Howl #buckets 8 coarsen threshold 3686 Howl Bitmap #cards 512 size 80 coarsen threshold 460 Card regions per heap region 1 cards per card region 4096

Heap:
 garbage-first heap   total reserved 4110336K, committed 0K, used 0K [0x0000000705200000, 0x0000000800000000)
  region size 2048K, 0 young (0K), 0 survivors (0K)

[error occurred during error reporting (printing heap information), id 0xc0000005, EXCEPTION_ACCESS_VIOLATION (0xc0000005) at pc=0x00007ffd0643e869]
GC Heap History (0 events):
No events

Dll operation events (1 events):
Event: 0.012 Loaded shared library C:\Program Files\Java\jdk-22\bin\java.dll

Deoptimization events (0 events):
No events

Classes loaded (0 events):
No events

Classes unloaded (0 events):
No events

Classes redefined (0 events):
No events

Internal exceptions (0 events):
No events

ZGC Phase Switch (0 events):
No events

VM Operations (0 events):
No events

Memory protections (0 events):
No events

Nmethod flushes (0 events):
No events

Events (0 events):
No events


Dynamic libraries:
0x00007ff738e40000 - 0x00007ff738e50000 	C:\Program Files\Java\jdk-22\bin\java.exe
0x00007ffdc2340000 - 0x00007ffdc25a8000 	C:\WINDOWS\SYSTEM32\ntdll.dll
0x00007ffdc1af0000 - 0x00007ffdc1bb9000 	C:\WINDOWS\System32\KERNEL32.DLL
0x00007ffdbf6e0000 - 0x00007ffdbfad2000 	C:\WINDOWS\System32\KERNELBASE.dll
0x00007ffdbf4d0000 - 0x00007ffdbf61b000 	C:\WINDOWS\System32\ucrtbase.dll
0x00007ffd946a0000 - 0x00007ffd946b7000 	C:\Program Files\Java\jdk-22\bin\jli.dll
0x00007ffdbb880000 - 0x00007ffdbb89b000 	C:\Program Files\Java\jdk-22\bin\VCRUNTIME140.dll
0x00007ffdc18a0000 - 0x00007ffdc1a65000 	C:\WINDOWS\System32\USER32.dll
0x00007ffd99720000 - 0x00007ffd999b3000 	C:\WINDOWS\WinSxS\amd64_microsoft.windows.common-controls_6595b64144ccf1df_6.0.26100.6899_none_3e0efeeae32e88c1\COMCTL32.dll
0x00007ffdbff60000 - 0x00007ffdbff87000 	C:\WINDOWS\System32\win32u.dll
0x00007ffdc1d70000 - 0x00007ffdc1e19000 	C:\WINDOWS\System32\msvcrt.dll
0x00007ffdc10a0000 - 0x00007ffdc10cb000 	C:\WINDOWS\System32\GDI32.dll
0x00007ffdbfe30000 - 0x00007ffdbff5d000 	C:\WINDOWS\System32\gdi32full.dll
0x00007ffdbfae0000 - 0x00007ffdbfb83000 	C:\WINDOWS\System32\msvcp_win.dll
0x00007ffdc0740000 - 0x00007ffdc076f000 	C:\WINDOWS\System32\IMM32.DLL
0x00007ffd9e3b0000 - 0x00007ffd9e3bc000 	C:\Program Files\Java\jdk-22\bin\vcruntime140_1.dll
0x00007ffd522b0000 - 0x00007ffd5233e000 	C:\Program Files\Java\jdk-22\bin\msvcp140.dll
0x00007ffd05d00000 - 0x00007ffd06a49000 	C:\Program Files\Java\jdk-22\bin\server\jvm.dll
0x00007ffdc0300000 - 0x00007ffdc03b4000 	C:\WINDOWS\System32\ADVAPI32.dll
0x00007ffdc0ff0000 - 0x00007ffdc1096000 	C:\WINDOWS\System32\sechost.dll
0x00007ffdc1f30000 - 0x00007ffdc2048000 	C:\WINDOWS\System32\RPCRT4.dll
0x00007ffdc10d0000 - 0x00007ffdc1144000 	C:\WINDOWS\System32\WS2_32.dll
0x00007ffdbecc0000 - 0x00007ffdbed1e000 	C:\WINDOWS\SYSTEM32\POWRPROF.dll
0x00007ffdb0da0000 - 0x00007ffdb0dd5000 	C:\WINDOWS\SYSTEM32\WINMM.dll
0x00007ffdb32d0000 - 0x00007ffdb32db000 	C:\WINDOWS\SYSTEM32\VERSION.dll
0x00007ffdbeca0000 - 0x00007ffdbecb4000 	C:\WINDOWS\SYSTEM32\UMPDC.dll
0x00007ffdbe2a0000 - 0x00007ffdbe2bb000 	C:\WINDOWS\SYSTEM32\kernel.appcore.dll
0x00007ffd9ae80000 - 0x00007ffd9ae8a000 	C:\Program Files\Java\jdk-22\bin\jimage.dll
0x00007ffdbc350000 - 0x00007ffdbc592000 	C:\WINDOWS\SYSTEM32\DBGHELP.DLL
0x00007ffdc03c0000 - 0x00007ffdc073b000 	C:\WINDOWS\System32\combase.dll
0x00007ffdc0110000 - 0x00007ffdc01e7000 	C:\WINDOWS\System32\OLEAUT32.dll
0x00007ffd99580000 - 0x00007ffd995bc000 	C:\WINDOWS\SYSTEM32\dbgcore.DLL
0x00007ffdbfd90000 - 0x00007ffdbfe28000 	C:\WINDOWS\System32\bcryptPrimitives.dll
0x00007ffd94fc0000 - 0x00007ffd94fcf000 	C:\Program Files\Java\jdk-22\bin\instrument.dll
0x00007ffd89d00000 - 0x00007ffd89d1e000 	C:\Program Files\Java\jdk-22\bin\java.dll
0x00007ffdc1150000 - 0x00007ffdc189d000 	C:\WINDOWS\System32\SHELL32.dll
0x00007ffdbfb90000 - 0x00007ffdbfcfb000 	C:\WINDOWS\System32\wintypes.dll
0x00007ffdc2160000 - 0x00007ffdc22f8000 	C:\WINDOWS\System32\ole32.dll

dbghelp: loaded successfully - version: 4.0.5 - missing functions: none
symbol engine: initialized successfully - sym options: 0x614 - pdb path: .;C:\Program Files\Java\jdk-22\bin;C:\WINDOWS\SYSTEM32;C:\WINDOWS\WinSxS\amd64_microsoft.windows.common-controls_6595b64144ccf1df_6.0.26100.6899_none_3e0efeeae32e88c1;C:\Program Files\Java\jdk-22\bin\server

VM Arguments:
jvm_args: -javaagent:C:\Program Files\JetBrains\IntelliJ IDEA 2024.2.2\lib\idea_rt.jar=56440:C:\Program Files\JetBrains\IntelliJ IDEA 2024.2.2\bin -Dfile.encoding=UTF-8 -Dsun.stdout.encoding=UTF-8 -Dsun.stderr.encoding=UTF-8 
java_command: LEETCODE.Question1716
java_class_path (initial): D:\Nitish Choubey\DSA\out\production\DSA
Launcher Type: SUN_STANDARD

[Global flags]
     intx CICompilerCount                          = 4                                         {product} {ergonomic}
     uint ConcGCThreads                            = 3                                         {product} {ergonomic}
     uint G1ConcRefinementThreads                  = 10                                        {product} {ergonomic}
   size_t G1HeapRegionSize                         = 2097152                                   {product} {ergonomic}
   size_t InitialHeapSize                          = 264241152                                 {product} {ergonomic}
   size_t MarkStackSize                            = 4194304                                   {product} {ergonomic}
   size_t MaxHeapSize                              = 4208984064                                {product} {ergonomic}
   size_t MinHeapDeltaBytes                        = 2097152                                   {product} {ergonomic}
   size_t MinHeapSize                              = 8388608                                   {product} {ergonomic}
    uintx NonNMethodCodeHeapSize                   = 5839372                                {pd product} {ergonomic}
    uintx NonProfiledCodeHeapSize                  = 122909434                              {pd product} {ergonomic}
    uintx ProfiledCodeHeapSize                     = 122909434                              {pd product} {ergonomic}
    uintx ReservedCodeCacheSize                    = 251658240                              {pd product} {ergonomic}
     bool SegmentedCodeCache                       = true                                      {product} {ergonomic}
   size_t SoftMaxHeapSize                          = 4208984064                             {manageable} {ergonomic}
     bool UseCompressedOops                        = true                           {product lp64_product} {ergonomic}
     bool UseG1GC                                  = true                                      {product} {ergonomic}
     bool UseLargePagesIndividualAllocation        = false                                  {pd product} {ergonomic}

Logging:
Log output configuration:
 #0: stdout all=warning uptime,level,tags foldmultilines=false
 #1: stderr all=off uptime,level,tags foldmultilines=false

Environment Variables:
PATH=C:\Python313\Scripts\;C:\Python313\;C:\Users\nitis\AppData\Local\Programs\Python\Python312\Scripts\;C:\Users\nitis\AppData\Local\Programs\Python\Python312\;C:\Program Files\Common Files\Oracle\Java\javapath;C:\windows\system32;C:\windows;C:\windows\System32\Wbem;C:\windows\System32\WindowsPowerShell\v1.0\;C:\windows\System32\OpenSSH\;C:\Program Files (x86)\NVIDIA Corporation\PhysX\Common;C:\mingw\MinGW\bin;C:\Program Files\HP\HP One Agent;C:\Program Files\dotnet\;C:\Program Files\MySQL\MySQL Server 8.0\bin;C:\Users\nitis\Downloads\openjfx-23_windows-x64_bin-sdk.zip\javafx-sdk-23\lib;C:\WINDOWS\system32;C:\WINDOWS;C:\WINDOWS\System32\Wbem;C:\WINDOWS\System32\WindowsPowerShell\v1.0\;C:\WINDOWS\System32\OpenSSH\;C:\ProgramData\chocolatey\bin;C:\Program Files\NVIDIA Corporation\NVIDIA app\NvDLISR;D:\Git\cmd;C:\Program Files\nodejs;D:\heroku\bin;C:\Program Files\nodejs\;D:\Maven\apache-maven-3.9.11\bin;D:\anaconda3;D:\anaconda3\Library\mingw-w64\bin;D:\anaconda3\Library\usr\bin;D:\anaconda3\Library\bin;D:\anaconda3\Scripts;C:\Program Files\MySQL\MySQL Shell 8.0\bin\;C:\Users\nitis\AppData\Local\Programs\Python\Launcher\;C:\Users\nitis\AppData\Local\Microsoft\WindowsApps;C:\MinGW\bin;C:\Users\nitis\AppData\Local\Muse Hub\lib;C:\Program Files\MySQL\MySQL Server 8.0\bin;C:\Program Files\JetBrains\IntelliJ IDEA 2024.2.2\bin;;C:\Program Files\nodejs;C:\Users\nitis\AppData\Roaming\npm;C:\Users\nitis\AppData\Local\Programs\Microsoft VS Code\bin
USERNAME=nitis
OS=Windows_NT
PROCESSOR_IDENTIFIER=Intel64 Family 6 Model 154 Stepping 3, GenuineIntel
TMP=C:\Users\nitis\AppData\Local\Temp
TEMP=C:\Users\nitis\AppData\Local\Temp




Periodic native trim disabled

---------------  S Y S T E M  ---------------

OS:
 Windows 11 , 64 bit Build 26100 (10.0.26100.6725)
OS uptime: 2 days 7:40 hours
Hyper-V role detected

CPU: total 12 (initial active 12) (6 cores per cpu, 2 threads per core) family 6 model 154 stepping 3 microcode 0x434, cx8, cmov, fxsr, ht, mmx, 3dnowpref, sse, sse2, sse3, ssse3, sse4.1, sse4.2, popcnt, lzcnt, tsc, tscinvbit, avx, avx2, aes, erms, clmul, bmi1, bmi2, adx, sha, fma, vzeroupper, clflush, clflushopt, clwb, hv, serialize, rdtscp, rdpid, fsrm, f16c, cet_ibt, cet_ss
Processor Information for processor 0
  Max Mhz: 2000, Current Mhz: 2000, Mhz Limit: 2000
Processor Information for processor 1
  Max Mhz: 2000, Current Mhz: 2000, Mhz Limit: 2000
Processor Information for processor 2
  Max Mhz: 2000, Current Mhz: 2000, Mhz Limit: 2000
Processor Information for processor 3
  Max Mhz: 2000, Current Mhz: 2000, Mhz Limit: 2000
Processor Information for processor 4
  Max Mhz: 2000, Current Mhz: 2000, Mhz Limit: 2000
Processor Information for processor 5
  Max Mhz: 2000, Current Mhz: 2000, Mhz Limit: 2000
Processor Information for processor 6
  Max Mhz: 2000, Current Mhz: 2000, Mhz Limit: 2000
Processor Information for processor 7
  Max Mhz: 2000, Current Mhz: 2000, Mhz Limit: 2000
Processor Information for processor 8
  Max Mhz: 2000, Current Mhz: 1466, Mhz Limit: 2000
Processor Information for processor 9
  Max Mhz: 2000, Current Mhz: 1466, Mhz Limit: 2000
Processor Information for processor 10
  Max Mhz: 2000, Current Mhz: 1466, Mhz Limit: 2000
Processor Information for processor 11
  Max Mhz: 2000, Current Mhz: 1466, Mhz Limit: 2000

Memory: 4k page, system-wide physical 16052M (2047M free)
TotalPageFile size 43121M (AvailPageFile size 7M)
current process WorkingSet (physical memory assigned to process): 14M, peak: 14M
current process commit charge ("private bytes"): 65M, peak: 316M

vm_info: Java HotSpot(TM) 64-Bit Server VM (22.0.2+9-70) for windows-amd64 JRE (22.0.2+9-70), built on 2024-06-04T16:52:23Z by "mach5one" with MS VC++ 17.6 (VS2022)

END.
